C51 COMPILER V9.00   DSP                                                                   01/15/2017 00:16:23 PAGE 1   


C51 COMPILER V9.00, COMPILATION OF MODULE DSP
OBJECT MODULE PLACED IN .\ouput\dsp.obj
COMPILER INVOKED BY: D:\Keil\C51\BIN\C51.EXE dsp.c BROWSE INCDIR(.\allBuffer;.\allStat) DEBUG OBJECTEXTEND PRINT(.\ouput
                    -\dsp.lst) OBJECT(.\ouput\dsp.obj)

line level    source

   1          #define uint unsigned int
   2          #define uchar unsigned char
   3          #define u32 long unsigned int
   4          #include <STC15F2K60S2.H>
   5          #include <dsp.h>
   6          
   7          uchar code seg7[]={0x3f,0x06,0x5b,0x4f,0x66,0x6d,0x7d,0x07,0x7f,0x6f,0x77,0x7c,0x39,0x5e
   8          ,0x79,0x71,0x00,0xbf,0x86,0xdb,0xcf,0xe6,0xed,0xfd,0x87,0xff,0xef,0x73,0x38};
   9          uchar code scan_bit[]={0xfe,0xfd,0xfb,0xf7,0xef,0xdf,0xbf,0x7f};
  10          uchar dis_buf[]={0,16,16,16,16,16,16,16};
  11          uchar data dis_buf_temp[]={0,16,16,16,16,16,16,16};
  12          uchar dspcom = 0;
  13          
  14          void display(void)
  15          {
  16   1      
  17   1                position_port=0xff;
  18   1                font_port=seg7[dis_buf[dspcom]];
  19   1                position_port=scan_bit[dspcom];
  20   1      
  21   1                              dspcom++;
  22   1                              if(dspcom == 8){
  23   2                                      dspcom = 0;
  24   2                              }
  25   1      }


MODULE INFORMATION:   STATIC OVERLAYABLE
   CODE SIZE        =     34    ----
   CONSTANT SIZE    =     37    ----
   XDATA SIZE       =   ----    ----
   PDATA SIZE       =   ----    ----
   DATA SIZE        =     17    ----
   IDATA SIZE       =   ----    ----
   BIT SIZE         =   ----    ----
END OF MODULE INFORMATION.


C51 COMPILATION COMPLETE.  0 WARNING(S),  0 ERROR(S)
