C51 COMPILER V9.00   KEY                                                                   01/15/2017 00:16:23 PAGE 1   


C51 COMPILER V9.00, COMPILATION OF MODULE KEY
OBJECT MODULE PLACED IN .\ouput\key.obj
COMPILER INVOKED BY: D:\Keil\C51\BIN\C51.EXE key.c BROWSE INCDIR(.\allBuffer;.\allStat) DEBUG OBJECTEXTEND PRINT(.\ouput
                    -\key.lst) OBJECT(.\ouput\key.obj)

line level    source

   1          #define uint unsigned int
   2          #define uchar unsigned char
   3          #define u32 long unsigned int
   4          #include <STC15F2K60S2.H>
   5          #include <dsp.h>
   6          #include <key.h>
   7          
   8          uchar inputFlag = 0;
   9          uchar input = 0;
  10          
  11          
  12          
  13          void Delay10ms()                //@11.0592MHz
  14          {
  15   1              unsigned char i, j;
  16   1      
  17   1              i = 108;
  18   1              j = 145;
  19   1              do
  20   1              {
  21   2                      while (--j);
  22   2              } while (--i);
  23   1      }
  24          
  25          /*********************按键扫描********************/
  26          /*说明：10为调时，11为闹钟1，12为脑钟2，13为ESC，14为秒表，15为倒计时
  27          */
  28          void scanKey(){
  29   1      
  30   1              uchar temp;
  31   1      
  32   1              P1 = 0x7f;
  33   1              temp = P1;
  34   1              temp = temp & 0x0f;
  35   1              if(temp != 0x0f){
  36   2                      Delay10ms();
  37   2                      temp = P1;
  38   2                      temp = temp & 0x0f;
  39   2                      if(temp != 0x0f){
  40   3                              temp = P1;
  41   3                              inputFlag = 1;
  42   3                              switch(temp){
  43   4                                      case 0x77: input = 1; break;
  44   4                                      case 0x7b: input = 2; break;
  45   4                                      case 0x7d: input = 3; break;
  46   4                                      case 0x7e: input = 10; break;
  47   4                                      default : break;
  48   4                              }
  49   3                              while (temp != 0x0f){
  50   4                                              temp = P1;
  51   4                                              temp = temp & 0x0f;
  52   4                              }
  53   3                      }       
  54   2              }
C51 COMPILER V9.00   KEY                                                                   01/15/2017 00:16:23 PAGE 2   

  55   1      
  56   1              P1 = 0xbf;
  57   1              temp = P1;
  58   1              temp = temp & 0x0f;
  59   1              if(temp != 0x0f){
  60   2                      Delay10ms();
  61   2                      temp = P1;
  62   2                      temp = temp & 0x0f;
  63   2                      if(temp != 0x0f){
  64   3                              temp = P1;
  65   3                              inputFlag = 1;
  66   3                              switch(temp){
  67   4                                      case 0xb7: input = 4; break;
  68   4                                      case 0xbb: input = 5; break;
  69   4                                      case 0xbd: input = 6; break;
  70   4                                      case 0xbe: input = 11; break;
  71   4                                      default: break;
  72   4                              }
  73   3                              while(temp != 0x0f){
  74   4                                      temp = P1;
  75   4                                      temp = temp & 0x0f;
  76   4                              }
  77   3                      }               
  78   2              }
  79   1              
  80   1              P1 = 0xdf;
  81   1              temp = P1;
  82   1              temp = temp & 0x0f;
  83   1              if(temp != 0x0f){
  84   2                      Delay10ms();
  85   2                      temp = P1;
  86   2                      temp = temp & 0x0f;
  87   2                      if(temp != 0x0f){
  88   3                              temp = P1;
  89   3                              inputFlag = 1;
  90   3                              switch (temp){
  91   4                                      case 0xd7: input = 7; break;
  92   4                                      case 0xdb: input = 8; break;
  93   4                                      case 0xdd: input = 9; break;
  94   4                                      case 0xde: input = 12; break;
  95   4                                      default: break;
  96   4                              }
  97   3                              while(temp != 0x0f){
  98   4                                      temp = P1;
  99   4                                      temp = temp & 0x0f;
 100   4                              }       
 101   3                      }               
 102   2              }
 103   1      
 104   1              P1 = 0xef;
 105   1              temp = P1;
 106   1              temp = temp & 0x0f;
 107   1              if( temp != 0x0f){
 108   2                      Delay10ms();
 109   2                      temp = P1;
 110   2                      temp = temp & 0x0f;
 111   2                      if(temp != 0x0f){
 112   3                              temp = P1;
 113   3                              inputFlag = 1;
 114   3                              switch(temp){
 115   4                                      case 0xe7: input = 13; break;
 116   4                                      case 0xeb: input = 0; break;
C51 COMPILER V9.00   KEY                                                                   01/15/2017 00:16:23 PAGE 3   

 117   4                                      case 0xed: input = 14; break;
 118   4                                      case 0xee: input = 15; break;
 119   4                                      default: break;
 120   4                              }
 121   3                              while(temp != 0x0f){
 122   4                                      temp = P1;
 123   4                                      temp = temp & 0x0f;
 124   4                              }
 125   3                      }
 126   2              }
 127   1      }


MODULE INFORMATION:   STATIC OVERLAYABLE
   CODE SIZE        =    350    ----
   CONSTANT SIZE    =   ----    ----
   XDATA SIZE       =   ----    ----
   PDATA SIZE       =   ----    ----
   DATA SIZE        =      2       1
   IDATA SIZE       =   ----    ----
   BIT SIZE         =   ----    ----
END OF MODULE INFORMATION.


C51 COMPILATION COMPLETE.  0 WARNING(S),  0 ERROR(S)
