C51 COMPILER V9.00   SETCLOCKTWO                                                           01/15/2017 00:16:18 PAGE 1   


C51 COMPILER V9.00, COMPILATION OF MODULE SETCLOCKTWO
OBJECT MODULE PLACED IN .\ouput\setClockTwo.obj
COMPILER INVOKED BY: D:\Keil\C51\BIN\C51.EXE allStat\setClockTwo.c BROWSE INCDIR(.\allBuffer;.\allStat) DEBUG OBJECTEXTE
                    -ND PRINT(.\ouput\setClockTwo.lst) OBJECT(.\ouput\setClockTwo.obj)

line level    source

   1          #define uint unsigned int
   2          #define uchar unsigned char
   3          #define u32 long unsigned int
   4          #include <STC15F2K60S2.H>
   5          #include <dsp.h>
   6          #include <stat.h>
   7          #include <key.h>
   8          #include <bufferSetTime.h>
   9          
  10          #include <showTime.h>
  11          #include <setTime.h>
  12          #include <setClockTwo.h>
  13          
  14          extern uchar time_blinkFlag;
  15          
  16          uchar clockTwoSec = 0;
  17          uchar clockTwoMin = 0;
  18          uchar clockTwoHour = 0;
  19          
  20          void bufferInitClockTwo(){
  21   1          setTIme_tempNumber[0] = clockTwoSec%10;
  22   1          setTIme_tempNumber[1] = clockTwoSec/10%10;
  23   1          setTIme_tempNumber[2] = clockTwoMin%10;
  24   1          setTIme_tempNumber[3] = clockTwoMin/10%10;
  25   1          setTIme_tempNumber[4] = clockTwoHour%10;
  26   1          setTIme_tempNumber[5] = clockTwoHour/10%10;
  27   1      }
  28          
  29          void initSetClockTwo(){
  30   1          bufferInitClockTwo();
  31   1      }
  32          void jumpSetClockTwo(){
  33   1          switch(input){
  34   2              case 0:
  35   2              case 1:
  36   2              case 2:
  37   2              case 3:    
  38   2              case 4:
  39   2              case 5:    
  40   2              case 6:
  41   2              case 7:
  42   2              case 8:
  43   2              case 9:
  44   2                  setTimeNum(input);
  45   2                  break;
  46   2              case 12:
  47   2                  clockTwoSec = setTIme_tempNumber[0]+setTIme_tempNumber[1]*10;
  48   2                  clockTwoMin = setTIme_tempNumber[2]+setTIme_tempNumber[3]*10;
  49   2                  clockTwoHour = setTIme_tempNumber[4]+setTIme_tempNumber[5]*10;
  50   2                  delTimeTemp();
  51   2                  nowStat = showTime;
  52   2                  break;
  53   2          }    
  54   1      }
C51 COMPILER V9.00   SETCLOCKTWO                                                           01/15/2017 00:16:18 PAGE 2   

  55          //void timeSetClockTwo();
  56          //void cleckSetClockTwo();
  57          void dspSetClockTwo(){
  58   1              uchar i;
  59   1              for(i = 0; i < 6; i++){
  60   2              
  61   2              if(setTime_tempCnt == i && time_blinkFlag == 0){
  62   3                  dis_buf[setTime_tempCnt] = 16;
  63   3              }else{
  64   3                  dis_buf[i] = setTIme_tempNumber[i];
  65   3              }
  66   2              
  67   2              }
  68   1      
  69   1              dis_buf[6] = 16;
  70   1              dis_buf[7] = 11;
  71   1      }
  72          //void destroySetClockTwo();


MODULE INFORMATION:   STATIC OVERLAYABLE
   CODE SIZE        =    167    ----
   CONSTANT SIZE    =   ----    ----
   XDATA SIZE       =   ----    ----
   PDATA SIZE       =   ----    ----
   DATA SIZE        =      3    ----
   IDATA SIZE       =   ----    ----
   BIT SIZE         =   ----    ----
END OF MODULE INFORMATION.


C51 COMPILATION COMPLETE.  0 WARNING(S),  0 ERROR(S)
